<?xml version="1.0" encoding="UTF-8"?>
<!-- Generated by org.testng.reporters.JUnitReportReporter -->
<testsuite hostname="DESKTOP-LCIM85U" failures="0" tests="5" name="dataprovider.DemoWebShopSearch" time="51.458" errors="0" timestamp="2024-06-25T10:10:24 IST" skipped="0">
  <testcase classname="dataprovider.DemoWebShopSearch" name="search" time="9.841"/>
  <system-out/>
  <testcase classname="dataprovider.DemoWebShopSearch" name="search" time="10.850"/>
  <system-out/>
  <testcase classname="dataprovider.DemoWebShopSearch" name="search" time="12.334"/>
  <system-out/>
  <testcase classname="dataprovider.DemoWebShopSearch" name="search" time="9.367"/>
  <system-out/>
  <testcase classname="dataprovider.DemoWebShopSearch" name="search" time="9.066"/>
  <system-out/>
</testsuite> <!-- dataprovider.DemoWebShopSearch -->
