<?xml version="1.0" encoding="UTF-8"?>
<!-- Generated by org.testng.reporters.JUnitReportReporter -->
<testsuite hostname="DESKTOP-LCIM85U" failures="0" tests="2" name="testng.DependsOnMethods" time="38.137" errors="0" timestamp="2024-06-23T20:01:47 IST" skipped="0">
  <testcase classname="testng.DependsOnMethods" name="login" time="11.329"/>
  <system-out>
    <![CDATA[register testcase is executed]]>
  </system-out>
  <testcase classname="testng.DependsOnMethods" name="register" time="26.808"/>
  <system-out>
    <![CDATA[register testcase is executed]]>
  </system-out>
</testsuite> <!-- testng.DependsOnMethods -->
