<?xml version="1.0" encoding="UTF-8"?>
<!-- Generated by org.testng.reporters.JUnitReportReporter -->
<testsuite hostname="DESKTOP-LCIM85U" failures="0" tests="1" name="cars.Ferrari" time="12.088" errors="0" timestamp="2024-06-23T21:00:30 IST" skipped="0">
  <testcase classname="cars.Ferrari" name="launchFerrari" time="12.088"/>
  <system-out>
    <![CDATA[Ferrari launch successfull]]>
  </system-out>
</testsuite> <!-- cars.Ferrari -->
