<?xml version="1.0" encoding="UTF-8"?>
<!-- Generated by org.testng.reporters.JUnitReportReporter -->
<testsuite hostname="DESKTOP-LCIM85U" failures="0" tests="3" name="testng.Sample" time="35.138" errors="0" timestamp="2024-06-23T20:39:36 IST" skipped="1">
  <testcase classname="testng.Sample" name="register" time="18.704"/>
  <system-out>
    <![CDATA[register testcase is executed]]>
  </system-out>
  <testcase classname="testng.Sample" name="register" time="16.434"/>
  <system-out>
    <![CDATA[register testcase is executed]]>
  </system-out>
  <testcase classname="testng.Sample" name="login">
    <skipped/>
  </testcase> <!-- login -->
  <system-out/>
</testsuite> <!-- testng.Sample -->
