<?xml version="1.0" encoding="UTF-8"?>
<!-- Generated by org.testng.reporters.JUnitReportReporter -->
<testsuite hostname="DESKTOP-LCIM85U" failures="0" tests="2" name="dataprovider.TestScript_UsingDataProvider" time="24.989" errors="0" timestamp="2024-06-25T09:59:21 IST" skipped="0">
  <testcase classname="dataprovider.TestScript_UsingDataProvider" name="loginToApp" time="13.096"/>
  <system-out/>
  <testcase classname="dataprovider.TestScript_UsingDataProvider" name="loginToApp" time="11.893"/>
  <system-out/>
</testsuite> <!-- dataprovider.TestScript_UsingDataProvider -->
