<?xml version="1.0" encoding="UTF-8"?>
<!-- Generated by org.testng.reporters.JUnitReportReporter -->
<testsuite hostname="DESKTOP-LCIM85U" failures="0" tests="1" name="cars.Tata_Motors" time="25.512" errors="0" timestamp="2024-06-23T21:00:30 IST" skipped="0">
  <testcase classname="cars.Tata_Motors" name="launchTataMotors" time="25.512"/>
  <system-out>
    <![CDATA[TataMotors launch successfull]]>
  </system-out>
</testsuite> <!-- cars.Tata_Motors -->
