<?xml version="1.0" encoding="UTF-8"?>
<!-- Generated by org.testng.reporters.JUnitReportReporter -->
<testsuite hostname="DESKTOP-LCIM85U" failures="0" tests="1" name="dataprovider.TestScript" time="30.560" errors="0" timestamp="2024-06-25T09:53:34 IST" skipped="0">
  <testcase classname="dataprovider.TestScript" name="loginToApp" time="30.560"/>
  <system-out/>
</testsuite> <!-- dataprovider.TestScript -->
