<?xml version="1.0" encoding="UTF-8"?>
<!-- Generated by org.testng.reporters.JUnitReportReporter -->
<testsuite hostname="DESKTOP-LCIM85U" failures="0" tests="1" name="cars.Lemborghini" time="14.133" errors="0" timestamp="2024-06-23T21:00:30 IST" skipped="0">
  <testcase classname="cars.Lemborghini" name="launchLemborghini" time="14.133"/>
  <system-out>
    <![CDATA[Lemborghini launch successfull]]>
  </system-out>
</testsuite> <!-- cars.Lemborghini -->
