<?xml version="1.0" encoding="UTF-8"?>
<!-- Generated by org.testng.reporters.JUnitReportReporter -->
<testsuite hostname="DESKTOP-LCIM85U" failures="0" tests="2" name="testng.ConfigurationAnnotation" time="0.015" errors="0" timestamp="2024-06-24T19:03:06 IST" skipped="0">
  <testcase classname="testng.ConfigurationAnnotation" name="sample" time="0.004"/>
  <system-out>
    <![CDATA[@Test(sample) Executed]]>
  </system-out>
  <testcase classname="testng.ConfigurationAnnotation" name="demo" time="0.011"/>
  <system-out>
    <![CDATA[@Test(demo)]]>
  </system-out>
</testsuite> <!-- testng.ConfigurationAnnotation -->
