<?xml version="1.0" encoding="UTF-8"?>
<!-- Generated by org.testng.reporters.JUnitReportReporter -->
<testsuite hostname="DESKTOP-LCIM85U" failures="0" tests="1" name="crossbrowsertesting.CrossBrowserTestScript" time="36.831" errors="0" timestamp="2024-06-27T20:30:46 IST" skipped="0">
  <testcase classname="crossbrowsertesting.CrossBrowserTestScript" name="launch" time="36.831"/>
  <system-out/>
</testsuite> <!-- crossbrowsertesting.CrossBrowserTestScript -->
