<?xml version="1.0" encoding="UTF-8"?>
<!-- Generated by org.testng.reporters.JUnitReportReporter -->
<testsuite hostname="DESKTOP-LCIM85U" failures="0" tests="3" name="crossbrowsertesting.CrossBrowserParllelTesting" time="104.805" errors="0" timestamp="2024-06-28T21:37:18 IST" skipped="0">
  <testcase classname="crossbrowsertesting.CrossBrowserParllelTesting" name="launch" time="33.817"/>
  <system-out/>
  <testcase classname="crossbrowsertesting.CrossBrowserParllelTesting" name="launch" time="20.304"/>
  <system-out/>
  <testcase classname="crossbrowsertesting.CrossBrowserParllelTesting" name="launch" time="50.684"/>
  <system-out/>
</testsuite> <!-- crossbrowsertesting.CrossBrowserParllelTesting -->
