<?xml version="1.0" encoding="UTF-8"?>
<!-- Generated by org.testng.reporters.JUnitReportReporter -->
<testsuite hostname="DESKTOP-LCIM85U" failures="0" tests="3" name="dataprovider.Register_DemoWebShop" time="33.893" errors="0" timestamp="2024-06-25T19:03:33 IST" skipped="0">
  <testcase classname="dataprovider.Register_DemoWebShop" name="register" time="12.573"/>
  <system-out/>
  <testcase classname="dataprovider.Register_DemoWebShop" name="register" time="10.251"/>
  <system-out/>
  <testcase classname="dataprovider.Register_DemoWebShop" name="register" time="11.069"/>
  <system-out/>
</testsuite> <!-- dataprovider.Register_DemoWebShop -->
