<?xml version="1.0" encoding="UTF-8"?>
<!-- Generated by org.testng.reporters.JUnitReportReporter -->
<testsuite hostname="DESKTOP-LCIM85U" failures="0" tests="1" name="testng.TestScripts" time="7.914" errors="0" timestamp="2024-06-28T21:34:17 IST" skipped="0">
  <testcase classname="testng.TestScripts" name="clickOnBooks" time="7.914"/>
  <system-out>
    <![CDATA[Books page is displayed]]>
  </system-out>
</testsuite> <!-- testng.TestScripts -->
